<?xml version="1.0" encoding="UTF-8"?>
<testsuite xmlns:xsi="http://www.w3.org/2001/XMLSchema-instance" xsi:noNamespaceSchemaLocation="https://maven.apache.org/surefire/maven-surefire-plugin/xsd/surefire-test-report.xsd" name="runner.TestRunner" time="324.222" tests="8" errors="0" skipped="0" failures="0">
  <properties>
[...]
</properties>
  <testcase name="user creates a new lead" classname="Create Lead in Salesforce" time="70.066"/>
  <testcase name="Login with valid credentials #1" classname="Verify Login functionality" time="26.449"/>
  <testcase name="Login with valid credentials #2" classname="Verify Login functionality" time="25.402"/>
  <testcase name="Login with valid credentials #3" classname="Verify Login functionality" time="34.361"/>
  <testcase name="Login with invalid credentials" classname="Verify Login functionality" time="40.258"/>
  <testcase name="Login with valid email and invalid password" classname="Verify Login functionality" time="48.525"/>
  <testcase name="Login with invalid email and valid password" classname="Verify Login functionality" time="38.114"/>
  <testcase name="logout" classname="Verify logout functionality" time="37.087"/>
</testsuite>